<?xml version="1.0" encoding="UTF-8"?>
<coverage generated="1753699757231" clover="3.2.0">
  <project timestamp="1753699757232" name="All files">
    <metrics statements="18" coveredstatements="1" conditionals="3" coveredconditionals="1" methods="3" coveredmethods="1" elements="24" coveredelements="3" complexity="0" loc="18" ncloc="18" packages="1" files="3" classes="3"/>
    <file name="counter.ts" path="/Users/jade/workspace/ydp7/ts/vtest/src/counter.ts">
      <metrics statements="9" coveredstatements="0" conditionals="1" coveredconditionals="0" methods="1" coveredmethods="0"/>
      <line num="1" count="0" type="cond" truecount="0" falsecount="1"/>
      <line num="2" count="0" type="stmt"/>
      <line num="3" count="0" type="stmt"/>
      <line num="4" count="0" type="stmt"/>
      <line num="5" count="0" type="stmt"/>
      <line num="6" count="0" type="stmt"/>
      <line num="7" count="0" type="stmt"/>
      <line num="8" count="0" type="stmt"/>
      <line num="9" count="0" type="stmt"/>
    </file>
    <file name="main.ts" path="/Users/jade/workspace/ydp7/ts/vtest/src/main.ts">
      <metrics statements="8" coveredstatements="0" conditionals="1" coveredconditionals="0" methods="1" coveredmethods="0"/>
      <line num="1" count="0" type="cond" truecount="0" falsecount="1"/>
      <line num="2" count="0" type="stmt"/>
      <line num="3" count="0" type="stmt"/>
      <line num="4" count="0" type="stmt"/>
      <line num="6" count="0" type="stmt"/>
      <line num="9" count="0" type="stmt"/>
      <line num="12" count="0" type="stmt"/>
      <line num="24" count="0" type="stmt"/>
    </file>
    <file name="sum.ts" path="/Users/jade/workspace/ydp7/ts/vtest/src/sum.ts">
      <metrics statements="1" coveredstatements="1" conditionals="1" coveredconditionals="1" methods="1" coveredmethods="1"/>
      <line num="1" count="1" type="cond" truecount="1" falsecount="0"/>
    </file>
  </project>
</coverage>
