{"/Users/jade/workspace/ydp7/ts/vtest/src/counter.ts": {"path":"/Users/jade/workspace/ydp7/ts/vtest/src/counter.ts","all":true,"statementMap":{"0":{"start":{"line":1,"column":0},"end":{"line":1,"column":58}},"1":{"start":{"line":2,"column":0},"end":{"line":2,"column":17}},"2":{"start":{"line":3,"column":0},"end":{"line":3,"column":41}},"3":{"start":{"line":4,"column":0},"end":{"line":4,"column":19}},"4":{"start":{"line":5,"column":0},"end":{"line":5,"column":45}},"5":{"start":{"line":6,"column":0},"end":{"line":6,"column":3}},"6":{"start":{"line":7,"column":0},"end":{"line":7,"column":66}},"7":{"start":{"line":8,"column":0},"end":{"line":8,"column":15}},"8":{"start":{"line":9,"column":0},"end":{"line":9,"column":1}}},"s":{"0":0,"1":0,"2":0,"3":0,"4":0,"5":0,"6":0,"7":0,"8":0},"branchMap":{"0":{"type":"branch","line":1,"loc":{"start":{"line":1,"column":273},"end":{"line":9,"column":1}},"locations":[{"start":{"line":1,"column":273},"end":{"line":9,"column":1}}]}},"b":{"0":[0]},"fnMap":{"0":{"name":"(empty-report)","decl":{"start":{"line":1,"column":273},"end":{"line":9,"column":1}},"loc":{"start":{"line":1,"column":273},"end":{"line":9,"column":1}},"line":1}},"f":{"0":0}}
,"/Users/jade/workspace/ydp7/ts/vtest/src/main.ts": {"path":"/Users/jade/workspace/ydp7/ts/vtest/src/main.ts","all":true,"statementMap":{"0":{"start":{"line":1,"column":0},"end":{"line":1,"column":20}},"1":{"start":{"line":2,"column":0},"end":{"line":2,"column":45}},"2":{"start":{"line":3,"column":0},"end":{"line":3,"column":32}},"3":{"start":{"line":4,"column":0},"end":{"line":4,"column":43}},"5":{"start":{"line":6,"column":0},"end":{"line":6,"column":61}},"8":{"start":{"line":9,"column":0},"end":{"line":9,"column":60}},"11":{"start":{"line":12,"column":0},"end":{"line":12,"column":80}},"23":{"start":{"line":24,"column":0},"end":{"line":24,"column":68}}},"s":{"0":0,"1":0,"2":0,"3":0,"5":0,"8":0,"11":0,"23":0},"branchMap":{"0":{"type":"branch","line":1,"loc":{"start":{"line":1,"column":0},"end":{"line":24,"column":-236}},"locations":[{"start":{"line":1,"column":0},"end":{"line":24,"column":-236}}]}},"b":{"0":[0]},"fnMap":{"0":{"name":"(empty-report)","decl":{"start":{"line":1,"column":0},"end":{"line":24,"column":-236}},"loc":{"start":{"line":1,"column":0},"end":{"line":24,"column":-236}},"line":1}},"f":{"0":0}}
,"/Users/jade/workspace/ydp7/ts/vtest/src/sum.ts": {"path":"/Users/jade/workspace/ydp7/ts/vtest/src/sum.ts","all":false,"statementMap":{"0":{"start":{"line":1,"column":0},"end":{"line":1,"column":78}}},"s":{"0":1},"branchMap":{"0":{"type":"branch","line":1,"loc":{"start":{"line":1,"column":19},"end":{"line":1,"column":78}},"locations":[{"start":{"line":1,"column":19},"end":{"line":1,"column":78}}]}},"b":{"0":[1]},"fnMap":{"0":{"name":"sum","decl":{"start":{"line":1,"column":19},"end":{"line":1,"column":78}},"loc":{"start":{"line":1,"column":19},"end":{"line":1,"column":78}},"line":1}},"f":{"0":1}}
}
